Determine revision date.................................................... OK
Picked up JAVA_TOOL_OPTIONS: -Dfile.encoding=UTF8 -Duser.language=en-US -Duser.country=US -Duser.language=en
2019-07-09 11:38:59,999 INFO fr.inria.astor.core.setup.ProjectConfiguration - Version of the JVM used: 1.7.0_181
2019-07-09 11:39:00,000 INFO main - Java version of the JDK used to run tests: 1.7.0_181
2019-07-09 11:39:00,000 INFO main - The compliance of the JVM is:  7
2019-07-09 11:39:00,002 INFO main - command line arguments: [-mode  jgenprog  -location  .  -id  Lang-53  -failing  org.apache.commons.lang.time.DateUtilsTest  -jvm4testexecution  /usr/lib/jvm/java-1.7.0-openjdk-amd64/bin/  -jvm4evosuitetestexecution  /usr/lib/jvm/java-1.7.0-openjdk-amd64/bin/  -maxgen  1000000  -maxtime  120  -stopfirst  true  -seed  0  -scope  local  -population  1  -javacompliancelevel  7  -srcjavafolder  src/java/  -srctestfolder  src/test/  -binjavafolder  target/classes/  -bintestfolder  target/tests/  -parameters  x:x  -dependencies  /script/jGenProg_Defects4J_Lang_53/target/classes/:/script/jGenProg_Defects4J_Lang_53/target/tests/:/defects4j/framework/projects/Lang/lib/asm.jar:/defects4j/framework/projects/Lang/lib/cglib.jar:/defects4j/framework/projects/Lang/lib/commons-io.jar:/defects4j/framework/projects/Lang/lib/easymock.jar:/defects4j/framework/projects/lib/junit-4.11.jar]
2019-07-09 11:39:00,003 INFO fr.inria.main.evolution.AstorMain - Running Astor on a JDK at /usr/lib/jvm/java-8-openjdk-amd64/jre
[INFO ] fr.inria.main.AbstractMain.determineSourceFolders(AbstractMain.java:849) - Source folders: [/script/jGenProg_Defects4J_Lang_53/./src/java]
[INFO ] fr.inria.main.AbstractMain.determineSourceFolders(AbstractMain.java:868) - Source Test folders: [/script/jGenProg_Defects4J_Lang_53/./src/test]
[INFO ] fr.inria.astor.core.faultlocalization.gzoltar.GZoltarFaultLocalization.calculateSuspicious(GZoltarFaultLocalization.java:74) - -Executing Gzoltar classpath: /script/jGenProg_Defects4J_Lang_53/./output_astor/AstorMain-Lang-53//bin//default from 178 classes with test cases
[INFO ] fr.inria.astor.core.faultlocalization.gzoltar.GZoltarFaultLocalization.searchSuspicious(GZoltarFaultLocalization.java:154) - Gzoltar fault localization: min susp value parameter: 0.1
[INFO ] fr.inria.astor.core.faultlocalization.gzoltar.GZoltarFaultLocalization.searchSuspicious(GZoltarFaultLocalization.java:174) - -gz-Adding classpath: [/script/jGenProg_Defects4J_Lang_53/./output_astor/AstorMain-Lang-53//bin//default, /script/jGenProg_Defects4J_Lang_53/target/classes/, /script/jGenProg_Defects4J_Lang_53/target/tests/, /defects4j/framework/projects/Lang/lib/asm.jar, /defects4j/framework/projects/Lang/lib/cglib.jar, /defects4j/framework/projects/Lang/lib/commons-io.jar, /defects4j/framework/projects/Lang/lib/easymock.jar, /defects4j/framework/projects/lib/junit-4.11.jar]
[INFO ] fr.inria.astor.core.faultlocalization.gzoltar.GZoltarFaultLocalization.searchSuspicious(GZoltarFaultLocalization.java:214) - Test failt: org.apache.commons.lang.time.DateUtilsTest#testRoundLang346
[INFO ] fr.inria.astor.core.faultlocalization.gzoltar.GZoltarFaultLocalization.searchSuspicious(GZoltarFaultLocalization.java:226) - Gzoltar Test Result Total:1718, fails: 1, GZoltar suspicious 8418, with positive susp 38
[INFO ] fr.inria.astor.core.faultlocalization.gzoltar.GZoltarFaultLocalization.searchSuspicious(GZoltarFaultLocalization.java:234) - nr test results 1718
[INFO ] fr.inria.astor.core.faultlocalization.gzoltar.GZoltarFaultLocalization.searchSuspicious(GZoltarFaultLocalization.java:289) - Gzoltar found: 38 with susp > 0.1, we consider: 38
[INFO ] fr.inria.astor.core.solutionsearch.AstorCoreEngine.initPopulation(AstorCoreEngine.java:689) - 
---- Creating spoon model
[INFO ] fr.inria.astor.core.solutionsearch.AstorCoreEngine.initModel(AstorCoreEngine.java:788) - Creating model,  Code location from working folder: /script/jGenProg_Defects4J_Lang_53/./src/java
[INFO ] fr.inria.astor.core.manipulation.MutationSupporter.buildModel(MutationSupporter.java:66) - building model: /script/jGenProg_Defects4J_Lang_53/./src/java, compliance level: 7
[INFO ] fr.inria.astor.core.manipulation.MutationSupporter.buildModel(MutationSupporter.java:79) - Classpath (Dependencies) for building SpoonModel: [/script/jGenProg_Defects4J_Lang_53/target/classes/, /script/jGenProg_Defects4J_Lang_53/target/tests/, /defects4j/framework/projects/Lang/lib/asm.jar, /defects4j/framework/projects/Lang/lib/cglib.jar, /defects4j/framework/projects/Lang/lib/commons-io.jar, /defects4j/framework/projects/Lang/lib/easymock.jar, /defects4j/framework/projects/lib/junit-4.11.jar]
[ERROR] fr.inria.astor.core.solutionsearch.AstorCoreEngine.initModel(AstorCoreEngine.java:795) - Problem compiling the model with compliance level 7
[ERROR] fr.inria.astor.core.solutionsearch.AstorCoreEngine.initModel(AstorCoreEngine.java:797) - Syntax error on token "enum", Identifier expected at /script/jGenProg_Defects4J_Lang_53/src/java/org/apache/commons/lang/enum/EnumUtils.java:17
Exception in thread "main" spoon.compiler.ModelBuildingException: Syntax error on token "enum", Identifier expected at /script/jGenProg_Defects4J_Lang_53/src/java/org/apache/commons/lang/enum/EnumUtils.java:17
	at spoon.support.compiler.jdt.JDTBasedSpoonCompiler.report(JDTBasedSpoonCompiler.java:641)
	at spoon.support.compiler.jdt.JDTBasedSpoonCompiler.reportProblems(JDTBasedSpoonCompiler.java:622)
	at spoon.support.compiler.jdt.JDTBasedSpoonCompiler.build(JDTBasedSpoonCompiler.java:131)
	at spoon.support.compiler.jdt.JDTBasedSpoonCompiler.build(JDTBasedSpoonCompiler.java:113)
	at fr.inria.astor.core.manipulation.MutationSupporter.buildModel(MutationSupporter.java:83)
	at fr.inria.astor.core.solutionsearch.AstorCoreEngine.initModel(AstorCoreEngine.java:792)
	at fr.inria.astor.core.solutionsearch.AstorCoreEngine.initPopulation(AstorCoreEngine.java:691)
	at fr.inria.astor.core.ingredientbased.IngredientBasedEvolutionaryRepairApproachImpl.initPopulation(IngredientBasedEvolutionaryRepairApproachImpl.java:70)
	at fr.inria.main.evolution.AstorMain.createEngine(AstorMain.java:130)
	at fr.inria.main.evolution.AstorMain.run(AstorMain.java:182)
	at fr.inria.main.evolution.AstorMain.execute(AstorMain.java:241)
	at fr.inria.main.evolution.AstorMain.main(AstorMain.java:215)


Node: a13f44462fa1



Date: Tue Jul  9 11:39:24 EDT 2019

cd /script/jGenProg_Defects4J_Lang_53;
export JAVA_TOOL_OPTIONS="-Dfile.encoding=UTF8 -Duser.language=en-US -Duser.country=US -Duser.language=en";
TZ="America/New_York"; export TZ;
export PATH="/usr/lib/jvm/java-1.8.0-openjdk-amd64/bin/:$PATH";
export JAVA_HOME="/usr/lib/jvm/java-1.8.0-openjdk-amd64/bin/";
java -Xmx4048m -cp /script/libs/jtestex7.jar:/astor/target/astor-0.0.2-SNAPSHOT-jar-with-dependencies.jar fr.inria.main.evolution.AstorMain \
	-mode jgenprog \
	-location . \
	-id Lang-53 \
	-failing org.apache.commons.lang.time.DateUtilsTest \
	-jvm4testexecution /usr/lib/jvm/java-1.7.0-openjdk-amd64/bin/ \
	-jvm4evosuitetestexecution /usr/lib/jvm/java-1.7.0-openjdk-amd64/bin/ \
	-maxgen 1000000 \
	-maxtime 120 \
	-stopfirst true \
	-seed 0 \
	-scope local \
	-population 1 \
	-javacompliancelevel 7 \
	-srcjavafolder src/java/ \
	-srctestfolder src/test/ \
	-binjavafolder target/classes/ \
	-bintestfolder target/tests/ \
	-parameters x:x \
	-dependencies /script/jGenProg_Defects4J_Lang_53/target/classes/:/script/jGenProg_Defects4J_Lang_53/target/tests/:/defects4j/framework/projects/Lang/lib/asm.jar:/defects4j/framework/projects/Lang/lib/cglib.jar:/defects4j/framework/projects/Lang/lib/commons-io.jar:/defects4j/framework/projects/Lang/lib/easymock.jar:/defects4j/framework/projects/lib/junit-4.11.jar;
	echo "\n\nNode: `hostname`\n";
	echo "\n\nDate: `date`\n";

