Determine revision date.................................................... OK
Picked up JAVA_TOOL_OPTIONS: -Dfile.encoding=UTF8 -Duser.language=en-US -Duser.country=US -Duser.language=en
log4j:ERROR setFile(null,true) call failed.
java.io.FileNotFoundException:  (No such file or directory)
	at java.io.FileOutputStream.open0(Native Method)
	at java.io.FileOutputStream.open(FileOutputStream.java:270)
	at java.io.FileOutputStream.<init>(FileOutputStream.java:213)
	at java.io.FileOutputStream.<init>(FileOutputStream.java:133)
	at org.apache.log4j.FileAppender.setFile(FileAppender.java:294)
	at org.apache.log4j.RollingFileAppender.setFile(RollingFileAppender.java:207)
	at org.apache.log4j.FileAppender.activateOptions(FileAppender.java:165)
	at org.apache.log4j.config.PropertySetter.activate(PropertySetter.java:307)
	at org.apache.log4j.config.PropertySetter.setProperties(PropertySetter.java:172)
	at org.apache.log4j.config.PropertySetter.setProperties(PropertySetter.java:104)
	at org.apache.log4j.PropertyConfigurator.parseAppender(PropertyConfigurator.java:842)
	at org.apache.log4j.PropertyConfigurator.parseCategory(PropertyConfigurator.java:768)
	at org.apache.log4j.PropertyConfigurator.parseCatsAndRenderers(PropertyConfigurator.java:672)
	at org.apache.log4j.PropertyConfigurator.doConfigure(PropertyConfigurator.java:516)
	at org.apache.log4j.PropertyConfigurator.doConfigure(PropertyConfigurator.java:580)
	at org.apache.log4j.helpers.OptionConverter.selectAndConfigure(OptionConverter.java:526)
	at org.apache.log4j.LogManager.<clinit>(LogManager.java:127)
	at org.apache.log4j.Logger.getLogger(Logger.java:117)
	at fr.inria.astor.core.setup.ConfigurationProperties.<clinit>(ConfigurationProperties.java:16)
	at fr.inria.main.AbstractMain.<clinit>(AbstractMain.java:100)
2019-12-15 22:29:01,216 INFO fr.inria.astor.core.setup.ProjectConfiguration - Version of the JVM used: 1.7.0_181
2019-12-15 22:29:01,218 INFO main - Java version of the JDK used to run tests: 1.7.0_181
2019-12-15 22:29:01,218 INFO main - The compliance of the JVM is:  7
2019-12-15 22:29:01,222 INFO main - command line arguments: [-mode  jgenprog  -location  .  -id  Closure-125  -failing  com.google.javascript.jscomp.TypeCheckTest  -jvm4testexecution  /usr/lib/jvm/java-1.7.0-openjdk-amd64/bin/  -jvm4evosuitetestexecution  /usr/lib/jvm/java-1.7.0-openjdk-amd64/bin/  -maxgen  1000000  -maxtime  120  -stopfirst  true  -seed  0  -scope  package  -population  1  -javacompliancelevel  6  -srcjavafolder  src/  -srctestfolder  test  -binjavafolder  build/classes/  -bintestfolder  build/test/  -parameters  mode:leven  -dependencies  /script/jGenProg_Defects4J_Closure_125/build/classes:/script/jGenProg_Defects4J_Closure_125/build/test:/script/jGenProg_Defects4J_Closure_125/build/lib/rhino.jar:/script/jGenProg_Defects4J_Closure_125/lib/ant-launcher.jar:/script/jGenProg_Defects4J_Closure_125/lib/ant.jar:/script/jGenProg_Defects4J_Closure_125/lib/caja-r4314.jar:/script/jGenProg_Defects4J_Closure_125/lib/jarjar.jar:/script/jGenProg_Defects4J_Closure_125/lib/json.jar:/script/jGenProg_Defects4J_Closure_125/lib/jsr305.jar:/script/jGenProg_Defects4J_Closure_125/lib/junit.jar:/script/jGenProg_Defects4J_Closure_125/lib/protobuf-java.jar:/script/jGenProg_Defects4J_Closure_125/lib/args4j.jar:/script/jGenProg_Defects4J_Closure_125/lib/guava.jar]
2019-12-15 22:29:01,230 INFO fr.inria.main.evolution.AstorMain - Running Astor on a JDK at /usr/lib/jvm/java-8-openjdk-amd64/jre
[INFO ] fr.inria.main.AbstractMain.determineSourceFolders(AbstractMain.java:975) - Source folders: [/script/jGenProg_Defects4J_Closure_125/./src]
[INFO ] fr.inria.main.AbstractMain.determineSourceFolders(AbstractMain.java:994) - Source Test folders: [/script/jGenProg_Defects4J_Closure_125/./test]
[INFO ] fr.inria.main.evolution.AstorMain.createEngine(AstorMain.java:104) - mode is Leven
[INFO ] fr.inria.astor.core.solutionsearch.AstorCoreEngine.resolveTestsToRun(AstorCoreEngine.java:1311) - Test retrieved from classes: 458
[INFO ] fr.inria.astor.core.faultlocalization.gzoltar.GZoltarFaultLocalization.calculateSuspicious(GZoltarFaultLocalization.java:74) - -Executing Gzoltar classpath: /script/jGenProg_Defects4J_Closure_125/./output_astor/AstorMain-Closure-125//bin//default from 458 classes with test cases
[INFO ] fr.inria.astor.core.faultlocalization.gzoltar.GZoltarFaultLocalization.searchSuspicious(GZoltarFaultLocalization.java:154) - Gzoltar fault localization: min susp value parameter: 0.1
[INFO ] fr.inria.astor.core.faultlocalization.gzoltar.GZoltarFaultLocalization.searchSuspicious(GZoltarFaultLocalization.java:174) - -gz-Adding classpath: [/script/jGenProg_Defects4J_Closure_125/./output_astor/AstorMain-Closure-125//bin//default, /script/jGenProg_Defects4J_Closure_125/build/classes/, /script/jGenProg_Defects4J_Closure_125/build/test/, /script/jGenProg_Defects4J_Closure_125/build/lib/rhino.jar, /script/jGenProg_Defects4J_Closure_125/lib/ant-launcher.jar, /script/jGenProg_Defects4J_Closure_125/lib/ant.jar, /script/jGenProg_Defects4J_Closure_125/lib/caja-r4314.jar, /script/jGenProg_Defects4J_Closure_125/lib/jarjar.jar, /script/jGenProg_Defects4J_Closure_125/lib/json.jar, /script/jGenProg_Defects4J_Closure_125/lib/jsr305.jar, /script/jGenProg_Defects4J_Closure_125/lib/junit.jar, /script/jGenProg_Defects4J_Closure_125/lib/protobuf-java.jar, /script/jGenProg_Defects4J_Closure_125/lib/args4j.jar, /script/jGenProg_Defects4J_Closure_125/lib/guava.jar]
[INFO ] fr.inria.astor.core.faultlocalization.gzoltar.GZoltarFaultLocalization.searchSuspicious(GZoltarFaultLocalization.java:214) - Test failt: com.google.javascript.jscomp.CrossModuleMethodMotionTest#testTwoMethods
[INFO ] fr.inria.astor.core.faultlocalization.gzoltar.GZoltarFaultLocalization.searchSuspicious(GZoltarFaultLocalization.java:214) - Test failt: com.google.javascript.jscomp.CrossModuleMethodMotionTest#testClosureVariableReads3
[INFO ] fr.inria.astor.core.faultlocalization.gzoltar.GZoltarFaultLocalization.searchSuspicious(GZoltarFaultLocalization.java:214) - Test failt: com.google.javascript.jscomp.TypeCheckTest#testIssue1002
[INFO ] fr.inria.astor.core.faultlocalization.gzoltar.GZoltarFaultLocalization.searchSuspicious(GZoltarFaultLocalization.java:226) - Gzoltar Test Result Total:8171, fails: 3, GZoltar suspicious 45020, with positive susp 7133
[INFO ] fr.inria.astor.core.faultlocalization.gzoltar.GZoltarFaultLocalization.searchSuspicious(GZoltarFaultLocalization.java:234) - nr test results 8171
[INFO ] fr.inria.astor.core.faultlocalization.gzoltar.GZoltarFaultLocalization.searchSuspicious(GZoltarFaultLocalization.java:289) - Gzoltar found: 380 with susp > 0.1, we consider: 380
[INFO ] fr.inria.astor.core.solutionsearch.AstorCoreEngine.calculateSuspicious(AstorCoreEngine.java:898) - Setting up the max to 4131700 milliseconds (4131 sec)
[INFO ] fr.inria.astor.core.solutionsearch.AstorCoreEngine.initPopulation(AstorCoreEngine.java:709) - 
---- Creating spoon model
[INFO ] fr.inria.astor.core.manipulation.MutationSupporter.buildSpoonModel(MutationSupporter.java:240) - Creating model,  Code location from working folder: /script/jGenProg_Defects4J_Closure_125/./src
[INFO ] fr.inria.astor.core.manipulation.MutationSupporter.buildModel(MutationSupporter.java:68) - building model: /script/jGenProg_Defects4J_Closure_125/./src, compliance level: 6
[INFO ] fr.inria.astor.core.manipulation.MutationSupporter.buildModel(MutationSupporter.java:82) - Classpath (Dependencies) for building SpoonModel: [/script/jGenProg_Defects4J_Closure_125/build/classes/, /script/jGenProg_Defects4J_Closure_125/build/test/, /script/jGenProg_Defects4J_Closure_125/build/lib/rhino.jar, /script/jGenProg_Defects4J_Closure_125/lib/ant-launcher.jar, /script/jGenProg_Defects4J_Closure_125/lib/ant.jar, /script/jGenProg_Defects4J_Closure_125/lib/caja-r4314.jar, /script/jGenProg_Defects4J_Closure_125/lib/jarjar.jar, /script/jGenProg_Defects4J_Closure_125/lib/json.jar, /script/jGenProg_Defects4J_Closure_125/lib/jsr305.jar, /script/jGenProg_Defects4J_Closure_125/lib/junit.jar, /script/jGenProg_Defects4J_Closure_125/lib/protobuf-java.jar, /script/jGenProg_Defects4J_Closure_125/lib/args4j.jar, /script/jGenProg_Defects4J_Closure_125/lib/guava.jar]
[INFO ] fr.inria.astor.core.solutionsearch.AstorCoreEngine.initModel(AstorCoreEngine.java:779) - Number of CtTypes created: 421
[INFO ] fr.inria.astor.core.solutionsearch.AstorCoreEngine.initPopulation(AstorCoreEngine.java:713) - 
---- Initial suspicious size: 380
[INFO ] fr.inria.astor.core.solutionsearch.population.ProgramVariantFactory.createModificationPoints(ProgramVariantFactory.java:223) -  Not ctClass for suspicious code Candidate [className=com.google.javascript.jscomp.CompilerTestCase, methodName=createModuleChain([Ljava/lang/String;)[Lcom/google/javascript/jscomp/JSModule;, lineNumber=1033, susp=0.14106912317171966]
[INFO ] fr.inria.astor.core.solutionsearch.population.ProgramVariantFactory.createModificationPoints(ProgramVariantFactory.java:223) -  Not ctClass for suspicious code Candidate [className=com.google.javascript.rhino.head.Parser, methodName=checkActivationName(Ljava/lang/String;I)V, lineNumber=3411, susp=0.11909826683508273]
[INFO ] fr.inria.astor.core.solutionsearch.population.ProgramVariantFactory.createModificationPoints(ProgramVariantFactory.java:223) -  Not ctClass for suspicious code Candidate [className=com.google.javascript.rhino.head.Parser, methodName=checkActivationName(Ljava/lang/String;I)V, lineNumber=3421, susp=0.11909826683508273]
[INFO ] fr.inria.astor.core.solutionsearch.population.ProgramVariantFactory.createModificationPoints(ProgramVariantFactory.java:223) -  Not ctClass for suspicious code Candidate [className=com.google.javascript.jscomp.CompilerTestCase, methodName=test([Lcom/google/javascript/jscomp/JSModule;[Ljava/lang/String;)V, lineNumber=542, susp=0.11846977555181847]
[INFO ] fr.inria.astor.core.solutionsearch.population.ProgramVariantFactory.createModificationPoints(ProgramVariantFactory.java:223) -  Not ctClass for suspicious code Candidate [className=com.google.javascript.jscomp.CompilerTestCase, methodName=test([Lcom/google/javascript/jscomp/JSModule;[Ljava/lang/String;Lcom/google/javascript/jscomp/DiagnosticType;)V, lineNumber=555, susp=0.11846977555181847]
[INFO ] fr.inria.astor.core.solutionsearch.population.ProgramVariantFactory.createModificationPoints(ProgramVariantFactory.java:223) -  Not ctClass for suspicious code Candidate [className=com.google.javascript.rhino.head.ast.FunctionNode, methodName=setRequiresActivation()V, lineNumber=277, susp=0.11547005383792514]
[INFO ] fr.inria.astor.core.solutionsearch.population.ProgramVariantFactory.createModificationPoints(ProgramVariantFactory.java:223) -  Not ctClass for suspicious code Candidate [className=com.google.javascript.rhino.head.ast.FunctionNode, methodName=setRequiresActivation()V, lineNumber=278, susp=0.11547005383792514]
[INFO ] fr.inria.astor.core.solutionsearch.population.ProgramVariantFactory.createModificationPoints(ProgramVariantFactory.java:223) -  Not ctClass for suspicious code Candidate [className=com.google.javascript.rhino.head.Parser, methodName=setRequiresActivation()V, lineNumber=3427, susp=0.11547005383792514]
[INFO ] fr.inria.astor.core.solutionsearch.population.ProgramVariantFactory.createModificationPoints(ProgramVariantFactory.java:223) -  Not ctClass for suspicious code Candidate [className=com.google.javascript.rhino.head.Parser, methodName=setRequiresActivation()V, lineNumber=3426, susp=0.11215443081840887]
[INFO ] fr.inria.astor.core.solutionsearch.population.ProgramVariantFactory.createModificationPoints(ProgramVariantFactory.java:223) -  Not ctClass for suspicious code Candidate [className=com.google.javascript.rhino.head.Parser, methodName=setRequiresActivation()V, lineNumber=3429, susp=0.11215443081840887]
[INFO ] fr.inria.astor.core.solutionsearch.population.ProgramVariantFactory.createProgramInstance(ProgramVariantFactory.java:134) - Total suspicious from FL: 380,  307
[INFO ] fr.inria.astor.core.solutionsearch.population.ProgramVariantFactory.createProgramInstance(ProgramVariantFactory.java:143) - Total ModPoint created: 307
[INFO ] fr.inria.astor.core.solutionsearch.population.ProgramVariantFactory.createInitialPopulation(ProgramVariantFactory.java:82) - Creating program variant #1, [Variant id: 1, #gens: 307, #ops: 0, parent:-]
[INFO ] fr.inria.astor.core.validation.junit.LaucherJUnitProcess.killProcess(LaucherJUnitProcess.java:179) - The Process that runs JUnit test cases did not terminate within waitTime of 10 seconds
[INFO ] fr.inria.astor.core.validation.junit.LaucherJUnitProcess.killProcess(LaucherJUnitProcess.java:181) - Killed the Process that runs JUnit test cases 514
[ERROR] fr.inria.astor.core.solutionsearch.AstorCoreEngine.setFitnessOfPopulation(AstorCoreEngine.java:745) - Initial run of test suite fails
[INFO ] fr.inria.astor.core.solutionsearch.AstorCoreEngine.setFitnessOfPopulation(AstorCoreEngine.java:754) - The original fitness is : 1.7976931348623157E308


Node: 8a168bc97b51



Date: Sun Dec 15 22:55:07 EST 2019

cd /script/jGenProg_Defects4J_Closure_125;
export JAVA_TOOL_OPTIONS="-Dfile.encoding=UTF8 -Duser.language=en-US -Duser.country=US -Duser.language=en";
TZ="America/New_York"; export TZ;
export PATH="/usr/lib/jvm/java-1.8.0-openjdk-amd64/bin/:$PATH";
export JAVA_HOME="/usr/lib/jvm/java-1.8.0-openjdk-amd64/bin/";
java -Xmx4048m -cp /script/libs/jtestex7.jar:/astor/target/astor-0.0.2-SNAPSHOT-jar-with-dependencies.jar fr.inria.main.evolution.AstorMain \
	-mode jgenprog \
	-location . \
	-id Closure-125 \
	-failing com.google.javascript.jscomp.TypeCheckTest \
	-jvm4testexecution /usr/lib/jvm/java-1.7.0-openjdk-amd64/bin/ \
	-jvm4evosuitetestexecution /usr/lib/jvm/java-1.7.0-openjdk-amd64/bin/ \
	-maxgen 1000000 \
	-maxtime 120 \
	-stopfirst true \
	-seed 0 \
	-scope package \
	-population 1 \
	-javacompliancelevel 6 \
	-srcjavafolder src/ \
	-srctestfolder test \
	-binjavafolder build/classes/ \
	-bintestfolder build/test/ \
	-parameters mode:leven \
	-dependencies /script/jGenProg_Defects4J_Closure_125/build/classes:/script/jGenProg_Defects4J_Closure_125/build/test:/script/jGenProg_Defects4J_Closure_125/build/lib/rhino.jar:/script/jGenProg_Defects4J_Closure_125/lib/ant-launcher.jar:/script/jGenProg_Defects4J_Closure_125/lib/ant.jar:/script/jGenProg_Defects4J_Closure_125/lib/caja-r4314.jar:/script/jGenProg_Defects4J_Closure_125/lib/jarjar.jar:/script/jGenProg_Defects4J_Closure_125/lib/json.jar:/script/jGenProg_Defects4J_Closure_125/lib/jsr305.jar:/script/jGenProg_Defects4J_Closure_125/lib/junit.jar:/script/jGenProg_Defects4J_Closure_125/lib/protobuf-java.jar:/script/jGenProg_Defects4J_Closure_125/lib/args4j.jar:/script/jGenProg_Defects4J_Closure_125/lib/guava.jar;
	echo "\n\nNode: `hostname`\n";
	echo "\n\nDate: `date`\n";

