Determine revision date.................................................... OK
Picked up JAVA_TOOL_OPTIONS: -Dfile.encoding=UTF8 -Duser.language=en-US -Duser.country=US -Duser.language=en
log4j:ERROR setFile(null,true) call failed.
java.io.FileNotFoundException:  (No such file or directory)
	at java.io.FileOutputStream.open0(Native Method)
	at java.io.FileOutputStream.open(FileOutputStream.java:270)
	at java.io.FileOutputStream.<init>(FileOutputStream.java:213)
	at java.io.FileOutputStream.<init>(FileOutputStream.java:133)
	at org.apache.log4j.FileAppender.setFile(FileAppender.java:294)
	at org.apache.log4j.RollingFileAppender.setFile(RollingFileAppender.java:207)
	at org.apache.log4j.FileAppender.activateOptions(FileAppender.java:165)
	at org.apache.log4j.config.PropertySetter.activate(PropertySetter.java:307)
	at org.apache.log4j.config.PropertySetter.setProperties(PropertySetter.java:172)
	at org.apache.log4j.config.PropertySetter.setProperties(PropertySetter.java:104)
	at org.apache.log4j.PropertyConfigurator.parseAppender(PropertyConfigurator.java:842)
	at org.apache.log4j.PropertyConfigurator.parseCategory(PropertyConfigurator.java:768)
	at org.apache.log4j.PropertyConfigurator.parseCatsAndRenderers(PropertyConfigurator.java:672)
	at org.apache.log4j.PropertyConfigurator.doConfigure(PropertyConfigurator.java:516)
	at org.apache.log4j.PropertyConfigurator.doConfigure(PropertyConfigurator.java:580)
	at org.apache.log4j.helpers.OptionConverter.selectAndConfigure(OptionConverter.java:526)
	at org.apache.log4j.LogManager.<clinit>(LogManager.java:127)
	at org.apache.log4j.Logger.getLogger(Logger.java:117)
	at fr.inria.astor.core.setup.ConfigurationProperties.<clinit>(ConfigurationProperties.java:16)
	at fr.inria.main.AbstractMain.<clinit>(AbstractMain.java:100)
2019-12-18 18:20:47,961 INFO fr.inria.astor.core.setup.ProjectConfiguration - Version of the JVM used: 1.7.0_181
2019-12-18 18:20:47,963 INFO main - Java version of the JDK used to run tests: 1.7.0_181
2019-12-18 18:20:47,964 INFO main - The compliance of the JVM is:  7
2019-12-18 18:20:47,968 INFO main - command line arguments: [-mode  jgenprog  -location  .  -id  Closure-112  -failing  com.google.javascript.jscomp.TypeCheckTest  -jvm4testexecution  /usr/lib/jvm/java-1.7.0-openjdk-amd64/bin/  -jvm4evosuitetestexecution  /usr/lib/jvm/java-1.7.0-openjdk-amd64/bin/  -maxgen  1000000  -maxtime  120  -stopfirst  true  -seed  0  -scope  local  -population  1  -javacompliancelevel  6  -srcjavafolder  src/  -srctestfolder  test  -binjavafolder  build/classes/  -bintestfolder  build/test/  -parameters  mode:leven  -dependencies  /script/jGenProg_Defects4J_Closure_112/build/classes:/script/jGenProg_Defects4J_Closure_112/build/test:/script/jGenProg_Defects4J_Closure_112/build/lib/rhino.jar:/script/jGenProg_Defects4J_Closure_112/lib/ant-launcher.jar:/script/jGenProg_Defects4J_Closure_112/lib/ant.jar:/script/jGenProg_Defects4J_Closure_112/lib/caja-r4314.jar:/script/jGenProg_Defects4J_Closure_112/lib/guava.jar:/script/jGenProg_Defects4J_Closure_112/lib/jarjar.jar:/script/jGenProg_Defects4J_Closure_112/lib/json.jar:/script/jGenProg_Defects4J_Closure_112/lib/jsr305.jar:/script/jGenProg_Defects4J_Closure_112/lib/junit.jar:/script/jGenProg_Defects4J_Closure_112/lib/protobuf-java.jar:/script/jGenProg_Defects4J_Closure_112/lib/args4j.jar]
2019-12-18 18:20:47,970 INFO fr.inria.main.evolution.AstorMain - Running Astor on a JDK at /usr/lib/jvm/java-8-openjdk-amd64/jre
[INFO ] fr.inria.main.AbstractMain.determineSourceFolders(AbstractMain.java:975) - Source folders: [/script/jGenProg_Defects4J_Closure_112/./src]
[INFO ] fr.inria.main.AbstractMain.determineSourceFolders(AbstractMain.java:994) - Source Test folders: [/script/jGenProg_Defects4J_Closure_112/./test]
[INFO ] fr.inria.main.evolution.AstorMain.createEngine(AstorMain.java:104) - mode is Leven
[INFO ] fr.inria.astor.core.solutionsearch.AstorCoreEngine.resolveTestsToRun(AstorCoreEngine.java:1311) - Test retrieved from classes: 464
[INFO ] fr.inria.astor.core.faultlocalization.gzoltar.GZoltarFaultLocalization.calculateSuspicious(GZoltarFaultLocalization.java:74) - -Executing Gzoltar classpath: /script/jGenProg_Defects4J_Closure_112/./output_astor/AstorMain-Closure-112//bin//default from 464 classes with test cases
[INFO ] fr.inria.astor.core.faultlocalization.gzoltar.GZoltarFaultLocalization.searchSuspicious(GZoltarFaultLocalization.java:154) - Gzoltar fault localization: min susp value parameter: 0.1
[INFO ] fr.inria.astor.core.faultlocalization.gzoltar.GZoltarFaultLocalization.searchSuspicious(GZoltarFaultLocalization.java:174) - -gz-Adding classpath: [/script/jGenProg_Defects4J_Closure_112/./output_astor/AstorMain-Closure-112//bin//default, /script/jGenProg_Defects4J_Closure_112/build/classes/, /script/jGenProg_Defects4J_Closure_112/build/test/, /script/jGenProg_Defects4J_Closure_112/build/lib/rhino.jar, /script/jGenProg_Defects4J_Closure_112/lib/ant-launcher.jar, /script/jGenProg_Defects4J_Closure_112/lib/ant.jar, /script/jGenProg_Defects4J_Closure_112/lib/caja-r4314.jar, /script/jGenProg_Defects4J_Closure_112/lib/guava.jar, /script/jGenProg_Defects4J_Closure_112/lib/jarjar.jar, /script/jGenProg_Defects4J_Closure_112/lib/json.jar, /script/jGenProg_Defects4J_Closure_112/lib/jsr305.jar, /script/jGenProg_Defects4J_Closure_112/lib/junit.jar, /script/jGenProg_Defects4J_Closure_112/lib/protobuf-java.jar, /script/jGenProg_Defects4J_Closure_112/lib/args4j.jar]
[INFO ] fr.inria.astor.core.faultlocalization.gzoltar.GZoltarFaultLocalization.searchSuspicious(GZoltarFaultLocalization.java:214) - Test failt: com.google.javascript.jscomp.CrossModuleMethodMotionTest#testTwoMethods
[INFO ] fr.inria.astor.core.faultlocalization.gzoltar.GZoltarFaultLocalization.searchSuspicious(GZoltarFaultLocalization.java:214) - Test failt: com.google.javascript.jscomp.CrossModuleMethodMotionTest#testClosureVariableReads3
[INFO ] fr.inria.astor.core.faultlocalization.gzoltar.GZoltarFaultLocalization.searchSuspicious(GZoltarFaultLocalization.java:214) - Test failt: com.google.javascript.jscomp.TypeCheckTest#testIssue1058
[INFO ] fr.inria.astor.core.faultlocalization.gzoltar.GZoltarFaultLocalization.searchSuspicious(GZoltarFaultLocalization.java:214) - Test failt: com.google.javascript.jscomp.TypeCheckTest#testTemplatized11
[INFO ] fr.inria.astor.core.faultlocalization.gzoltar.GZoltarFaultLocalization.searchSuspicious(GZoltarFaultLocalization.java:226) - Gzoltar Test Result Total:8301, fails: 4, GZoltar suspicious 45714, with positive susp 7432
[INFO ] fr.inria.astor.core.faultlocalization.gzoltar.GZoltarFaultLocalization.searchSuspicious(GZoltarFaultLocalization.java:234) - nr test results 8301
[INFO ] fr.inria.astor.core.faultlocalization.gzoltar.GZoltarFaultLocalization.searchSuspicious(GZoltarFaultLocalization.java:289) - Gzoltar found: 294 with susp > 0.1, we consider: 294
[INFO ] fr.inria.astor.core.solutionsearch.AstorCoreEngine.calculateSuspicious(AstorCoreEngine.java:898) - Setting up the max to 3054940 milliseconds (3054 sec)
[INFO ] fr.inria.astor.core.solutionsearch.AstorCoreEngine.initPopulation(AstorCoreEngine.java:709) - 
---- Creating spoon model
[INFO ] fr.inria.astor.core.manipulation.MutationSupporter.buildSpoonModel(MutationSupporter.java:240) - Creating model,  Code location from working folder: /script/jGenProg_Defects4J_Closure_112/./src
[INFO ] fr.inria.astor.core.manipulation.MutationSupporter.buildModel(MutationSupporter.java:68) - building model: /script/jGenProg_Defects4J_Closure_112/./src, compliance level: 6
[INFO ] fr.inria.astor.core.manipulation.MutationSupporter.buildModel(MutationSupporter.java:82) - Classpath (Dependencies) for building SpoonModel: [/script/jGenProg_Defects4J_Closure_112/build/classes/, /script/jGenProg_Defects4J_Closure_112/build/test/, /script/jGenProg_Defects4J_Closure_112/build/lib/rhino.jar, /script/jGenProg_Defects4J_Closure_112/lib/ant-launcher.jar, /script/jGenProg_Defects4J_Closure_112/lib/ant.jar, /script/jGenProg_Defects4J_Closure_112/lib/caja-r4314.jar, /script/jGenProg_Defects4J_Closure_112/lib/guava.jar, /script/jGenProg_Defects4J_Closure_112/lib/jarjar.jar, /script/jGenProg_Defects4J_Closure_112/lib/json.jar, /script/jGenProg_Defects4J_Closure_112/lib/jsr305.jar, /script/jGenProg_Defects4J_Closure_112/lib/junit.jar, /script/jGenProg_Defects4J_Closure_112/lib/protobuf-java.jar, /script/jGenProg_Defects4J_Closure_112/lib/args4j.jar]
[INFO ] fr.inria.astor.core.solutionsearch.AstorCoreEngine.initModel(AstorCoreEngine.java:779) - Number of CtTypes created: 428
[INFO ] fr.inria.astor.core.solutionsearch.AstorCoreEngine.initPopulation(AstorCoreEngine.java:713) - 
---- Initial suspicious size: 294
[INFO ] fr.inria.astor.core.solutionsearch.population.ProgramVariantFactory.createModificationPoints(ProgramVariantFactory.java:223) -  Not ctClass for suspicious code Candidate [className=com.google.javascript.jscomp.CompilerTestCase, methodName=createModuleChain([Ljava/lang/String;)[Lcom/google/javascript/jscomp/JSModule;, lineNumber=1087, susp=0.12216944435630522]
[INFO ] fr.inria.astor.core.solutionsearch.population.ProgramVariantFactory.createModificationPoints(ProgramVariantFactory.java:223) -  Not ctClass for suspicious code Candidate [className=com.google.javascript.jscomp.CompilerTestCase, methodName=test([Lcom/google/javascript/jscomp/JSModule;[Ljava/lang/String;)V, lineNumber=557, susp=0.10259783520851541]
[INFO ] fr.inria.astor.core.solutionsearch.population.ProgramVariantFactory.createModificationPoints(ProgramVariantFactory.java:223) -  Not ctClass for suspicious code Candidate [className=com.google.javascript.jscomp.CompilerTestCase, methodName=test([Lcom/google/javascript/jscomp/JSModule;[Ljava/lang/String;Lcom/google/javascript/jscomp/DiagnosticType;)V, lineNumber=570, susp=0.10259783520851541]
[INFO ] fr.inria.astor.core.solutionsearch.population.ProgramVariantFactory.createModificationPoints(ProgramVariantFactory.java:223) -  Not ctClass for suspicious code Candidate [className=com.google.javascript.rhino.head.Parser, methodName=checkActivationName(Ljava/lang/String;I)V, lineNumber=3345, susp=0.10153461651336192]
[INFO ] fr.inria.astor.core.solutionsearch.population.ProgramVariantFactory.createModificationPoints(ProgramVariantFactory.java:223) -  Not ctClass for suspicious code Candidate [className=com.google.javascript.rhino.head.Parser, methodName=checkActivationName(Ljava/lang/String;I)V, lineNumber=3355, susp=0.10153461651336192]
[INFO ] fr.inria.astor.core.solutionsearch.population.ProgramVariantFactory.createProgramInstance(ProgramVariantFactory.java:134) - Total suspicious from FL: 294,  253
[INFO ] fr.inria.astor.core.solutionsearch.population.ProgramVariantFactory.createProgramInstance(ProgramVariantFactory.java:143) - Total ModPoint created: 253
[INFO ] fr.inria.astor.core.solutionsearch.population.ProgramVariantFactory.createInitialPopulation(ProgramVariantFactory.java:82) - Creating program variant #1, [Variant id: 1, #gens: 253, #ops: 0, parent:-]
[INFO ] fr.inria.astor.core.validation.junit.LaucherJUnitProcess.killProcess(LaucherJUnitProcess.java:179) - The Process that runs JUnit test cases did not terminate within waitTime of 10 seconds
[INFO ] fr.inria.astor.core.validation.junit.LaucherJUnitProcess.killProcess(LaucherJUnitProcess.java:181) - Killed the Process that runs JUnit test cases 512
[ERROR] fr.inria.astor.core.solutionsearch.AstorCoreEngine.setFitnessOfPopulation(AstorCoreEngine.java:745) - Initial run of test suite fails
[INFO ] fr.inria.astor.core.solutionsearch.AstorCoreEngine.setFitnessOfPopulation(AstorCoreEngine.java:754) - The original fitness is : 1.7976931348623157E308


Node: 1a0edfedf41f



Date: Wed Dec 18 18:43:29 EST 2019

cd /script/jGenProg_Defects4J_Closure_112;
export JAVA_TOOL_OPTIONS="-Dfile.encoding=UTF8 -Duser.language=en-US -Duser.country=US -Duser.language=en";
TZ="America/New_York"; export TZ;
export PATH="/usr/lib/jvm/java-1.8.0-openjdk-amd64/bin/:$PATH";
export JAVA_HOME="/usr/lib/jvm/java-1.8.0-openjdk-amd64/bin/";
java -Xmx4048m -cp /script/libs/jtestex7.jar:/astor/target/astor-0.0.2-SNAPSHOT-jar-with-dependencies.jar fr.inria.main.evolution.AstorMain \
	-mode jgenprog \
	-location . \
	-id Closure-112 \
	-failing com.google.javascript.jscomp.TypeCheckTest \
	-jvm4testexecution /usr/lib/jvm/java-1.7.0-openjdk-amd64/bin/ \
	-jvm4evosuitetestexecution /usr/lib/jvm/java-1.7.0-openjdk-amd64/bin/ \
	-maxgen 1000000 \
	-maxtime 120 \
	-stopfirst true \
	-seed 0 \
	-scope local \
	-population 1 \
	-javacompliancelevel 6 \
	-srcjavafolder src/ \
	-srctestfolder test \
	-binjavafolder build/classes/ \
	-bintestfolder build/test/ \
	-parameters mode:leven \
	-dependencies /script/jGenProg_Defects4J_Closure_112/build/classes:/script/jGenProg_Defects4J_Closure_112/build/test:/script/jGenProg_Defects4J_Closure_112/build/lib/rhino.jar:/script/jGenProg_Defects4J_Closure_112/lib/ant-launcher.jar:/script/jGenProg_Defects4J_Closure_112/lib/ant.jar:/script/jGenProg_Defects4J_Closure_112/lib/caja-r4314.jar:/script/jGenProg_Defects4J_Closure_112/lib/guava.jar:/script/jGenProg_Defects4J_Closure_112/lib/jarjar.jar:/script/jGenProg_Defects4J_Closure_112/lib/json.jar:/script/jGenProg_Defects4J_Closure_112/lib/jsr305.jar:/script/jGenProg_Defects4J_Closure_112/lib/junit.jar:/script/jGenProg_Defects4J_Closure_112/lib/protobuf-java.jar:/script/jGenProg_Defects4J_Closure_112/lib/args4j.jar;
	echo "\n\nNode: `hostname`\n";
	echo "\n\nDate: `date`\n";

